
ROM used:   528/32768 (2%)
            528/32768 (2%) including unused fragments

            0.6 Average locations per line
            11.5 Average locations per statement

RAM used:   31/1536 (2%) at main() level
            33/1536 (2%) worst case

Stack used: 1 worst case (0 in main + 1 for interrupts)
Stack size: 31

Lines Stmts  %   Files
----- ----- ---  -----
   90    46 100  main.c
    9     0   0  main.h
  818     0   0  ..\..\..\..\..\Program Files (x86)\PICC\Devices\18F458.h
----- -----
  917    46 Total

Page ROM  %  RAM    Vol Diff  Functions:
---- --- --- ---    --- ----  ----------
0     38   4    1             @delay_ms1
0     72   7    1             @GETCH_1_
0      8   1    0     22  1.2  EXT_isr
0      8   1    0     22  1.2  EXT1_isr
0     14   1    0     52  1.9  RDA_isr
0    194  18    1    937  8.2  MAIN
 Inline         0             @cinit1

Program metrics:
    Functions               4
    Statements              46
    Comments                139
    Volume (V)              1205
    Difficulty (D)          13.0
    Effort to implement (E) 15649
    Time to implement (T)   14 minutes
    Est Delivered Bugs (B)  0
    Cyclomatic Complexity   8
    Maintainability (MI)    116

 Segment     Used  Free
-----------  ----  ----
00000-00002     4  0  
00004-00006     0  4  
00008-000C4   190  0  
000C6-07FFE   334  32236  



